<?xml version="1.0" encoding="UTF-8"?>
<testsuite xmlns:xsi="http://www.w3.org/2001/XMLSchema-instance" xsi:noNamespaceSchemaLocation="https://maven.apache.org/surefire/maven-surefire-plugin/xsd/surefire-test-report-3.0.xsd" version="3.0" name="pl.comp.model.CloneableTest" time="0.043" tests="3" errors="0" skipped="0" failures="0">
  <properties>
[...]
</properties>
  <testcase name="sudokuFieldTest" classname="pl.comp.model.CloneableTest" time="0.014"/>
  <testcase name="sudokuBoardTest" classname="pl.comp.model.CloneableTest" time="0.014"/>
  <testcase name="sudokuColumnBoxRowTest" classname="pl.comp.model.CloneableTest" time="0.011"/>
</testsuite>